Dataset/Injected-Faults/CommonsApp/apps-android-commons-Defeito-2/app/build/intermediates/manifest_merge_blame_file/betaDebug/manifest-merger-blame-beta-debug-report.txt
1<?xml version="1.0" encoding="utf-8"?>
2<manifest xmlns:android="http://schemas.android.com/apk/res/android"
3    package="fr.free.nrw.commons.beta"
4    android:versionCode="1036"
5    android:versionName="4.2.1-debug-main" >
6
7    <uses-sdk
8        android:minSdkVersion="21"
8-->src/main/AndroidManifest.xml
9        android:targetSdkVersion="33" />
9-->src/main/AndroidManifest.xml
10
11    <uses-permission android:name="android.permission.INTERNET" />
11-->src/main/AndroidManifest.xml:4:5-67
11-->src/main/AndroidManifest.xml:4:22-64
12    <uses-permission android:name="android.permission.READ_EXTERNAL_STORAGE" />
12-->src/main/AndroidManifest.xml:5:5-80
12-->src/main/AndroidManifest.xml:5:22-77
13    <uses-permission android:name="android.permission.READ_SYNC_SETTINGS" />
13-->src/main/AndroidManifest.xml:6:5-77
13-->src/main/AndroidManifest.xml:6:22-74
14    <uses-permission android:name="android.permission.READ_SYNC_STATS" />
14-->src/main/AndroidManifest.xml:7:5-74
14-->src/main/AndroidManifest.xml:7:22-71
15    <uses-permission android:name="android.permission.REORDER_TASKS" />
15-->src/main/AndroidManifest.xml:8:5-72
15-->src/main/AndroidManifest.xml:8:22-69
16    <uses-permission android:name="android.permission.WRITE_SYNC_SETTINGS" />
16-->src/main/AndroidManifest.xml:9:5-78
16-->src/main/AndroidManifest.xml:9:22-75
17    <uses-permission android:name="android.permission.WRITE_EXTERNAL_STORAGE" />
17-->src/main/AndroidManifest.xml:10:5-81
17-->src/main/AndroidManifest.xml:10:22-78
18    <uses-permission android:name="android.permission.ACCESS_FINE_LOCATION" />
18-->src/main/AndroidManifest.xml:11:5-79
18-->src/main/AndroidManifest.xml:11:22-76
19    <uses-permission android:name="android.permission.AUTHENTICATE_ACCOUNTS" />
19-->src/main/AndroidManifest.xml:12:5-80
19-->src/main/AndroidManifest.xml:12:22-77
20    <uses-permission android:name="android.permission.GET_ACCOUNTS" />
20-->src/main/AndroidManifest.xml:13:5-71
20-->src/main/AndroidManifest.xml:13:22-68
21    <uses-permission android:name="android.permission.USE_CREDENTIALS" />
21-->src/main/AndroidManifest.xml:14:5-74
21-->src/main/AndroidManifest.xml:14:22-71
22    <uses-permission android:name="android.permission.MANAGE_ACCOUNTS" />
22-->src/main/AndroidManifest.xml:15:5-74
22-->src/main/AndroidManifest.xml:15:22-71
23    <uses-permission android:name="android.permission.POST_NOTIFICATIONS" />
23-->src/main/AndroidManifest.xml:16:5-76
23-->src/main/AndroidManifest.xml:16:22-74
24    <uses-permission android:name="android.permission.READ_MEDIA_IMAGES" />
24-->src/main/AndroidManifest.xml:17:5-75
24-->src/main/AndroidManifest.xml:17:22-73
25    <uses-permission android:name="com.google.android.apps.photos.permission.GOOGLE_PHOTOS" />
25-->src/main/AndroidManifest.xml:18:5-95
25-->src/main/AndroidManifest.xml:18:22-92
26    <uses-permission android:name="android.permission.SET_WALLPAPER" />
26-->src/main/AndroidManifest.xml:19:5-71
26-->src/main/AndroidManifest.xml:19:22-69
27    <uses-permission android:name="android.permission.FOREGROUND_SERVICE" />
27-->src/main/AndroidManifest.xml:20:5-77
27-->src/main/AndroidManifest.xml:20:22-74
28    <uses-permission android:name="android.permission.ACCESS_MEDIA_LOCATION" />
28-->src/main/AndroidManifest.xml:21:5-79
28-->src/main/AndroidManifest.xml:21:22-77
29
30    <queries>
30-->src/main/AndroidManifest.xml:23:5-32:15
31
32        <!-- Browser -->
33        <intent>
33-->src/main/AndroidManifest.xml:25:9-29:18
34            <action android:name="android.intent.action.VIEW" />
34-->src/main/AndroidManifest.xml:26:13-65
34-->src/main/AndroidManifest.xml:26:21-62
35
36            <category android:name="android.intent.category.BROWSABLE" />
36-->src/main/AndroidManifest.xml:27:13-74
36-->src/main/AndroidManifest.xml:27:23-71
37
38            <data android:scheme="https" />
38-->src/main/AndroidManifest.xml:28:13-44
38-->src/main/AndroidManifest.xml:28:19-41
39        </intent>
40        <!-- Google Maps -->
41        <package android:name="com.google.android.apps.maps" />
41-->src/main/AndroidManifest.xml:31:9-64
41-->src/main/AndroidManifest.xml:31:18-61
42
43        <intent>
43-->[ch.acra:acra-mail:5.8.4] AndroidManifest.xml:25:9-29:18
44            <action android:name="android.intent.action.SEND" />
44-->src/main/AndroidManifest.xml:95:17-69
44-->src/main/AndroidManifest.xml:95:25-66
45
46            <data android:mimeType="message/rfc822" />
46-->src/main/AndroidManifest.xml:28:13-44
46-->src/main/AndroidManifest.xml:99:23-49
47        </intent>
48        <intent>
48-->[ch.acra:acra-mail:5.8.4] AndroidManifest.xml:30:9-34:18
49            <action android:name="android.intent.action.SEND_MULTIPLE" />
49-->src/main/AndroidManifest.xml:103:17-78
49-->src/main/AndroidManifest.xml:103:25-75
50
51            <data android:mimeType="message/rfc822" />
51-->src/main/AndroidManifest.xml:28:13-44
51-->src/main/AndroidManifest.xml:99:23-49
52        </intent>
53        <intent>
53-->[ch.acra:acra-mail:5.8.4] AndroidManifest.xml:35:9-37:18
54            <action android:name="android.intent.action.SENDTO" />
54-->[ch.acra:acra-mail:5.8.4] AndroidManifest.xml:36:13-67
54-->[ch.acra:acra-mail:5.8.4] AndroidManifest.xml:36:21-64
55        </intent>
56    </queries>
57
58    <!-- Needed only if your app targets Android 5.0 (API level 21) or higher. -->
59    <uses-feature android:name="android.hardware.location.gps" />
59-->src/main/AndroidManifest.xml:36:5-66
59-->src/main/AndroidManifest.xml:36:19-63
60    <uses-feature
60-->[org.maplibre.gl:android-sdk:10.0.1] AndroidManifest.xml:7:5-9:35
61        android:glEsVersion="0x00020000"
61-->[org.maplibre.gl:android-sdk:10.0.1] AndroidManifest.xml:8:9-41
62        android:required="true" />
62-->[org.maplibre.gl:android-sdk:10.0.1] AndroidManifest.xml:9:9-32
63    <uses-feature
63-->[org.maplibre.gl:android-sdk:10.0.1] AndroidManifest.xml:10:5-12:36
64        android:name="android.hardware.wifi"
64-->[org.maplibre.gl:android-sdk:10.0.1] AndroidManifest.xml:11:9-45
65        android:required="false" />
65-->[org.maplibre.gl:android-sdk:10.0.1] AndroidManifest.xml:12:9-33
66
67    <uses-permission android:name="android.permission.ACCESS_NETWORK_STATE" />
67-->[org.maplibre.gl:android-sdk:10.0.1] AndroidManifest.xml:15:5-79
67-->[org.maplibre.gl:android-sdk:10.0.1] AndroidManifest.xml:15:22-76
68    <uses-permission android:name="android.permission.ACCESS_WIFI_STATE" />
68-->[org.maplibre.gl:android-sdk:10.0.1] AndroidManifest.xml:16:5-76
68-->[org.maplibre.gl:android-sdk:10.0.1] AndroidManifest.xml:16:22-73
69    <uses-permission android:name="android.permission.ACCESS_COARSE_LOCATION" />
69-->[org.maplibre.gl:android-sdk:10.0.1] AndroidManifest.xml:17:5-81
69-->[org.maplibre.gl:android-sdk:10.0.1] AndroidManifest.xml:17:22-78
70    <uses-permission android:name="android.permission.WAKE_LOCK" />
70-->[androidx.work:work-runtime:2.8.1] AndroidManifest.xml:23:5-68
70-->[androidx.work:work-runtime:2.8.1] AndroidManifest.xml:23:22-65
71    <uses-permission android:name="android.permission.RECEIVE_BOOT_COMPLETED" />
71-->[androidx.work:work-runtime:2.8.1] AndroidManifest.xml:25:5-81
71-->[androidx.work:work-runtime:2.8.1] AndroidManifest.xml:25:22-78
72
73    <permission
73-->[androidx.core:core:1.9.0] AndroidManifest.xml:22:5-24:47
74        android:name="fr.free.nrw.commons.beta.DYNAMIC_RECEIVER_NOT_EXPORTED_PERMISSION"
74-->[androidx.core:core:1.9.0] AndroidManifest.xml:23:9-81
75        android:protectionLevel="signature" />
75-->[androidx.core:core:1.9.0] AndroidManifest.xml:24:9-44
76
77    <uses-permission android:name="fr.free.nrw.commons.beta.DYNAMIC_RECEIVER_NOT_EXPORTED_PERMISSION" />
77-->[androidx.core:core:1.9.0] AndroidManifest.xml:26:5-97
77-->[androidx.core:core:1.9.0] AndroidManifest.xml:26:22-94
78
79    <supports-screens
79-->[org.osmdroid:osmdroid-android:6.1.17] AndroidManifest.xml:9:5-12:40
80        android:anyDensity="true"
80-->[org.osmdroid:osmdroid-android:6.1.17] AndroidManifest.xml:10:9-34
81        android:largeScreens="true"
81-->[org.osmdroid:osmdroid-android:6.1.17] AndroidManifest.xml:11:9-36
82        android:normalScreens="true" />
82-->[org.osmdroid:osmdroid-android:6.1.17] AndroidManifest.xml:12:9-37
83
84    <uses-feature
84-->[org.osmdroid:osmdroid-android:6.1.17] AndroidManifest.xml:14:5-16:36
85        android:name="android.hardware.location.network"
85-->[org.osmdroid:osmdroid-android:6.1.17] AndroidManifest.xml:15:9-57
86        android:required="false" />
86-->[org.osmdroid:osmdroid-android:6.1.17] AndroidManifest.xml:16:9-33
87    <uses-feature
87-->[org.osmdroid:osmdroid-android:6.1.17] AndroidManifest.xml:20:5-22:36
88        android:name="android.hardware.telephony"
88-->[org.osmdroid:osmdroid-android:6.1.17] AndroidManifest.xml:21:9-50
89        android:required="false" />
89-->[org.osmdroid:osmdroid-android:6.1.17] AndroidManifest.xml:22:9-33
90
91    <application
91-->src/main/AndroidManifest.xml:38:5-260:19
92        android:name="fr.free.nrw.commons.CommonsApplication"
92-->src/main/AndroidManifest.xml:39:9-43
93        android:allowBackup="true"
93-->[:wikimedia-data-client] AndroidManifest.xml:8:9-35
94        android:appComponentFactory="commons"
94-->src/main/AndroidManifest.xml:46:9-46
95        android:debuggable="true"
96        android:icon="@mipmap/ic_launcher"
96-->src/main/AndroidManifest.xml:40:9-43
97        android:label="@string/app_name"
97-->src/main/AndroidManifest.xml:41:9-41
98        android:largeHeap="true"
98-->src/main/AndroidManifest.xml:43:9-33
99        android:requestLegacyExternalStorage="true"
99-->src/main/AndroidManifest.xml:47:9-54
100        android:supportsRtl="true"
100-->src/main/AndroidManifest.xml:44:9-35
101        android:testOnly="true"
102        android:theme="@style/LightAppTheme" >
102-->src/main/AndroidManifest.xml:42:9-45
103        <activity
103-->src/main/AndroidManifest.xml:50:9-53:39
104            android:name="fr.free.nrw.commons.description.DescriptionEditActivity"
104-->src/main/AndroidManifest.xml:52:13-64
105            android:exported="true"
105-->src/main/AndroidManifest.xml:53:13-36
106            android:theme="@style/EditActivityTheme" />
106-->src/main/AndroidManifest.xml:51:11-51
107        <activity
107-->src/main/AndroidManifest.xml:55:9-57:38
108            android:name="fr.free.nrw.commons.edit.EditActivity"
108-->src/main/AndroidManifest.xml:56:11-44
109            android:exported="false" />
109-->src/main/AndroidManifest.xml:57:11-35
110        <activity
110-->src/main/AndroidManifest.xml:59:9-63:49
111            android:name="org.acra.dialog.CrashReportDialog"
111-->src/main/AndroidManifest.xml:59:19-67
112            android:excludeFromRecents="true"
112-->src/main/AndroidManifest.xml:62:13-46
113            android:finishOnTaskLaunch="true"
113-->src/main/AndroidManifest.xml:63:13-46
114            android:launchMode="singleInstance"
114-->src/main/AndroidManifest.xml:61:13-48
115            android:process=":acra"
115-->src/main/AndroidManifest.xml:60:13-36
116            android:theme="@android:style/Theme.Dialog" />
116-->[ch.acra:acra-dialog:5.8.4] AndroidManifest.xml:31:13-56
117        <activity
117-->src/main/AndroidManifest.xml:65:9-69:95
118            android:name="fr.free.nrw.commons.media.ZoomableActivity"
118-->src/main/AndroidManifest.xml:66:13-51
119            android:configChanges="screenSize|keyboard|orientation"
119-->src/main/AndroidManifest.xml:68:13-68
120            android:label="Zoomable Activity"
120-->src/main/AndroidManifest.xml:67:13-46
121            android:parentActivityName="fr.free.nrw.commons.customselector.ui.selector.CustomSelectorActivity" />
121-->src/main/AndroidManifest.xml:69:13-92
122        <activity
122-->src/main/AndroidManifest.xml:71:9-82:20
123            android:name="fr.free.nrw.commons.auth.LoginActivity"
123-->src/main/AndroidManifest.xml:71:19-53
124            android:exported="true" >
124-->src/main/AndroidManifest.xml:72:19-42
125            <intent-filter>
125-->src/main/AndroidManifest.xml:73:13-77:29
126                <category android:name="android.intent.category.LAUNCHER" />
126-->src/main/AndroidManifest.xml:74:17-77
126-->src/main/AndroidManifest.xml:74:27-74
127
128                <action android:name="android.intent.action.MAIN" />
128-->src/main/AndroidManifest.xml:76:17-69
128-->src/main/AndroidManifest.xml:76:25-66
129            </intent-filter>
130
131            <meta-data
131-->src/main/AndroidManifest.xml:79:13-80:53
132                android:name="android.app.shortcuts"
132-->src/main/AndroidManifest.xml:79:24-60
133                android:resource="@xml/shortcuts" />
133-->src/main/AndroidManifest.xml:80:17-50
134        </activity>
135        <activity android:name="fr.free.nrw.commons.WelcomeActivity" />
135-->src/main/AndroidManifest.xml:83:9-53
135-->src/main/AndroidManifest.xml:83:19-50
136        <activity
136-->src/main/AndroidManifest.xml:85:9-110:20
137            android:name="fr.free.nrw.commons.upload.UploadActivity"
137-->src/main/AndroidManifest.xml:87:13-50
138            android:configChanges="orientation|screenSize|keyboard"
138-->src/main/AndroidManifest.xml:89:13-68
139            android:exported="true"
139-->src/main/AndroidManifest.xml:88:13-36
140            android:hardwareAccelerated="false"
140-->src/main/AndroidManifest.xml:86:13-48
141            android:icon="@mipmap/ic_launcher"
141-->src/main/AndroidManifest.xml:90:13-47
142            android:label="@string/app_name"
142-->src/main/AndroidManifest.xml:91:13-45
143            android:windowSoftInputMode="adjustResize" >
143-->src/main/AndroidManifest.xml:92:13-55
144            <intent-filter android:label="@string/intent_share_upload_label" >
144-->src/main/AndroidManifest.xml:94:13-101:29
144-->src/main/AndroidManifest.xml:94:28-77
145                <action android:name="android.intent.action.SEND" />
145-->src/main/AndroidManifest.xml:95:17-69
145-->src/main/AndroidManifest.xml:95:25-66
146
147                <category android:name="android.intent.category.DEFAULT" />
147-->src/main/AndroidManifest.xml:97:17-76
147-->src/main/AndroidManifest.xml:97:27-73
148
149                <data android:mimeType="image/*" />
149-->src/main/AndroidManifest.xml:28:13-44
149-->src/main/AndroidManifest.xml:99:23-49
150                <data android:mimeType="audio/ogg" />
150-->src/main/AndroidManifest.xml:28:13-44
150-->src/main/AndroidManifest.xml:99:23-49
151            </intent-filter>
152            <intent-filter android:label="@string/intent_share_upload_label" >
152-->src/main/AndroidManifest.xml:102:13-109:29
152-->src/main/AndroidManifest.xml:102:28-77
153                <action android:name="android.intent.action.SEND_MULTIPLE" />
153-->src/main/AndroidManifest.xml:103:17-78
153-->src/main/AndroidManifest.xml:103:25-75
154
155                <category android:name="android.intent.category.DEFAULT" />
155-->src/main/AndroidManifest.xml:97:17-76
155-->src/main/AndroidManifest.xml:97:27-73
156
157                <data android:mimeType="image/*" />
157-->src/main/AndroidManifest.xml:28:13-44
157-->src/main/AndroidManifest.xml:99:23-49
158                <data android:mimeType="audio/ogg" />
158-->src/main/AndroidManifest.xml:28:13-44
158-->src/main/AndroidManifest.xml:99:23-49
159            </intent-filter>
160        </activity>
161        <activity
161-->src/main/AndroidManifest.xml:111:9-115:71
162            android:name="fr.free.nrw.commons.contributions.MainActivity"
162-->src/main/AndroidManifest.xml:112:13-55
163            android:configChanges="screenSize|keyboard|orientation"
163-->src/main/AndroidManifest.xml:115:13-68
164            android:icon="@mipmap/ic_launcher"
164-->src/main/AndroidManifest.xml:113:13-47
165            android:label="@string/app_name" />
165-->src/main/AndroidManifest.xml:114:13-45
166        <activity
166-->src/main/AndroidManifest.xml:116:9-118:63
167            android:name="fr.free.nrw.commons.settings.SettingsActivity"
167-->src/main/AndroidManifest.xml:117:13-54
168            android:label="@string/title_activity_settings" />
168-->src/main/AndroidManifest.xml:118:13-60
169        <activity
169-->src/main/AndroidManifest.xml:119:9-122:72
170            android:name="fr.free.nrw.commons.AboutActivity"
170-->src/main/AndroidManifest.xml:120:13-42
171            android:label="@string/title_activity_about"
171-->src/main/AndroidManifest.xml:121:13-57
172            android:parentActivityName="fr.free.nrw.commons.contributions.MainActivity" />
172-->src/main/AndroidManifest.xml:122:13-69
173        <activity
173-->src/main/AndroidManifest.xml:124:9-127:61
174            android:name="fr.free.nrw.commons.auth.SignupActivity"
174-->src/main/AndroidManifest.xml:125:13-48
175            android:configChanges="orientation|screenLayout|screenSize"
175-->src/main/AndroidManifest.xml:126:13-72
176            android:label="@string/title_activity_signup" />
176-->src/main/AndroidManifest.xml:127:13-58
177        <activity
177-->src/main/AndroidManifest.xml:129:9-131:68
178            android:name="fr.free.nrw.commons.notification.NotificationActivity"
178-->src/main/AndroidManifest.xml:130:13-62
179            android:label="@string/navigation_item_notification" />
179-->src/main/AndroidManifest.xml:131:13-65
180        <activity
180-->src/main/AndroidManifest.xml:133:9-134:43
181            android:name="fr.free.nrw.commons.quiz.QuizActivity"
181-->src/main/AndroidManifest.xml:133:19-52
182            android:label="@string/quiz" />
182-->src/main/AndroidManifest.xml:134:13-41
183        <activity
183-->src/main/AndroidManifest.xml:136:9-137:45
184            android:name="fr.free.nrw.commons.quiz.QuizResultActivity"
184-->src/main/AndroidManifest.xml:136:19-58
185            android:label="@string/result" />
185-->src/main/AndroidManifest.xml:137:13-43
186        <activity
186-->src/main/AndroidManifest.xml:139:9-143:72
187            android:name="fr.free.nrw.commons.customselector.ui.selector.CustomSelectorActivity"
187-->src/main/AndroidManifest.xml:140:13-78
188            android:configChanges="screenSize|keyboard|orientation"
188-->src/main/AndroidManifest.xml:142:13-68
189            android:label="@string/title_activity_custom_selector"
189-->src/main/AndroidManifest.xml:141:13-67
190            android:parentActivityName="fr.free.nrw.commons.contributions.MainActivity" />
190-->src/main/AndroidManifest.xml:143:13-69
191        <activity
191-->src/main/AndroidManifest.xml:145:9-149:72
192            android:name="fr.free.nrw.commons.category.CategoryDetailsActivity"
192-->src/main/AndroidManifest.xml:146:13-61
193            android:configChanges="screenSize|keyboard|orientation"
193-->src/main/AndroidManifest.xml:148:13-68
194            android:label="@string/title_activity_featured_images"
194-->src/main/AndroidManifest.xml:147:13-67
195            android:parentActivityName="fr.free.nrw.commons.contributions.MainActivity" />
195-->src/main/AndroidManifest.xml:149:13-69
196        <activity
196-->src/main/AndroidManifest.xml:151:9-155:72
197            android:name="fr.free.nrw.commons.explore.depictions.WikidataItemDetailsActivity"
197-->src/main/AndroidManifest.xml:152:13-75
198            android:configChanges="screenSize|keyboard|orientation"
198-->src/main/AndroidManifest.xml:154:13-68
199            android:label="@string/title_activity_featured_images"
199-->src/main/AndroidManifest.xml:153:13-67
200            android:parentActivityName="fr.free.nrw.commons.contributions.MainActivity" />
200-->src/main/AndroidManifest.xml:155:13-69
201        <activity
201-->src/main/AndroidManifest.xml:157:9-163:15
202            android:name="fr.free.nrw.commons.explore.SearchActivity"
202-->src/main/AndroidManifest.xml:158:13-51
203            android:configChanges="orientation|keyboardHidden|screenSize"
203-->src/main/AndroidManifest.xml:161:13-74
204            android:label="@string/title_activity_search"
204-->src/main/AndroidManifest.xml:159:13-58
205            android:launchMode="singleTop"
205-->src/main/AndroidManifest.xml:160:13-43
206            android:parentActivityName="fr.free.nrw.commons.contributions.MainActivity" />
206-->src/main/AndroidManifest.xml:162:13-69
207        <activity
207-->src/main/AndroidManifest.xml:165:9-168:47
208            android:name="fr.free.nrw.commons.profile.ProfileActivity"
208-->src/main/AndroidManifest.xml:166:13-52
209            android:configChanges="orientation|screenSize|keyboard"
209-->src/main/AndroidManifest.xml:167:13-68
210            android:label="@string/Profile" />
210-->src/main/AndroidManifest.xml:168:13-44
211        <activity
211-->src/main/AndroidManifest.xml:170:9-172:61
212            android:name="fr.free.nrw.commons.review.ReviewActivity"
212-->src/main/AndroidManifest.xml:171:13-50
213            android:label="@string/title_activity_review" />
213-->src/main/AndroidManifest.xml:172:13-58
214        <activity
214-->src/main/AndroidManifest.xml:174:9-176:45
215            android:name="fr.free.nrw.commons.LocationPicker.LocationPickerActivity"
215-->src/main/AndroidManifest.xml:175:11-64
216            android:label="Location Picker" />
216-->src/main/AndroidManifest.xml:176:11-42
217
218        <service
218-->src/main/AndroidManifest.xml:178:9-188:19
219            android:name="fr.free.nrw.commons.auth.WikiAccountAuthenticatorService"
219-->src/main/AndroidManifest.xml:179:13-65
220            android:exported="true"
220-->src/main/AndroidManifest.xml:180:13-36
221            android:process=":auth" >
221-->src/main/AndroidManifest.xml:181:13-36
222            <intent-filter>
222-->src/main/AndroidManifest.xml:182:13-184:29
223                <action android:name="android.accounts.AccountAuthenticator" />
223-->src/main/AndroidManifest.xml:183:17-80
223-->src/main/AndroidManifest.xml:183:25-77
224            </intent-filter>
225
226            <meta-data
226-->src/main/AndroidManifest.xml:185:13-187:57
227                android:name="android.accounts.AccountAuthenticator"
227-->src/main/AndroidManifest.xml:186:17-69
228                android:resource="@xml/authenticator" />
228-->src/main/AndroidManifest.xml:187:17-54
229        </service>
230        <service
230-->src/main/AndroidManifest.xml:190:9-193:39
231            android:name="org.acra.sender.SenderService"
231-->src/main/AndroidManifest.xml:191:13-57
232            android:exported="false"
232-->src/main/AndroidManifest.xml:192:13-37
233            android:process=":acra" />
233-->src/main/AndroidManifest.xml:193:13-36
234
235        <provider
236            android:name="fr.free.nrw.commons.filepicker.ExtendedFileProvider"
236-->src/main/AndroidManifest.xml:196:13-60
237            android:authorities="fr.free.nrw.commons.beta.provider"
237-->src/main/AndroidManifest.xml:197:13-60
238            android:exported="false"
238-->src/main/AndroidManifest.xml:198:13-37
239            android:grantUriPermissions="true" >
239-->src/main/AndroidManifest.xml:199:13-47
240            <meta-data
240-->src/main/AndroidManifest.xml:200:13-202:58
241                android:name="android.support.FILE_PROVIDER_PATHS"
241-->src/main/AndroidManifest.xml:201:17-67
242                android:resource="@xml/provider_paths" />
242-->src/main/AndroidManifest.xml:202:17-55
243        </provider>
244        <provider
245            android:name="fr.free.nrw.commons.category.CategoryContentProvider"
245-->src/main/AndroidManifest.xml:206:13-61
246            android:authorities="fr.free.nrw.commons.beta.categories.contentprovider"
246-->src/main/AndroidManifest.xml:207:13-78
247            android:exported="false"
247-->src/main/AndroidManifest.xml:208:13-37
248            android:label="@string/provider_categories"
248-->src/main/AndroidManifest.xml:209:13-56
249            android:syncable="false" />
249-->src/main/AndroidManifest.xml:210:13-37
250        <provider
251            android:name="fr.free.nrw.commons.explore.recentsearches.RecentSearchesContentProvider"
251-->src/main/AndroidManifest.xml:213:13-81
252            android:authorities="fr.free.nrw.commons.beta.explore.recentsearches.contentprovider"
252-->src/main/AndroidManifest.xml:214:13-90
253            android:exported="false"
253-->src/main/AndroidManifest.xml:215:13-37
254            android:label="@string/provider_searches"
254-->src/main/AndroidManifest.xml:216:13-54
255            android:syncable="false" />
255-->src/main/AndroidManifest.xml:217:13-37
256        <provider
257            android:name="fr.free.nrw.commons.recentlanguages.RecentLanguagesContentProvider"
257-->src/main/AndroidManifest.xml:220:11-73
258            android:authorities="fr.free.nrw.commons.beta.recentlanguages.contentprovider"
258-->src/main/AndroidManifest.xml:221:11-81
259            android:exported="false"
259-->src/main/AndroidManifest.xml:222:11-35
260            android:label="@string/provider_recent_languages"
260-->src/main/AndroidManifest.xml:223:11-60
261            android:syncable="false" />
261-->src/main/AndroidManifest.xml:224:11-35
262        <provider
263            android:name="fr.free.nrw.commons.bookmarks.pictures.BookmarkPicturesContentProvider"
263-->src/main/AndroidManifest.xml:227:13-79
264            android:authorities="fr.free.nrw.commons.beta.bookmarks.contentprovider"
264-->src/main/AndroidManifest.xml:228:13-77
265            android:exported="false"
265-->src/main/AndroidManifest.xml:229:13-37
266            android:label="@string/provider_bookmarks"
266-->src/main/AndroidManifest.xml:230:13-55
267            android:syncable="false" />
267-->src/main/AndroidManifest.xml:231:13-37
268        <provider
269            android:name="fr.free.nrw.commons.bookmarks.locations.BookmarkLocationsContentProvider"
269-->src/main/AndroidManifest.xml:234:13-81
270            android:authorities="fr.free.nrw.commons.beta.bookmarks.locations.contentprovider"
270-->src/main/AndroidManifest.xml:235:13-87
271            android:exported="false"
271-->src/main/AndroidManifest.xml:236:13-37
272            android:label="@string/provider_bookmarks_location"
272-->src/main/AndroidManifest.xml:237:13-64
273            android:syncable="false" />
273-->src/main/AndroidManifest.xml:238:13-37
274        <provider
275            android:name="fr.free.nrw.commons.bookmarks.items.BookmarkItemsContentProvider"
275-->src/main/AndroidManifest.xml:241:11-71
276            android:authorities="fr.free.nrw.commons.beta.bookmarks.items.contentprovider"
276-->src/main/AndroidManifest.xml:242:11-81
277            android:exported="false"
277-->src/main/AndroidManifest.xml:243:11-35
278            android:label="@string/provider_bookmarks_location"
278-->src/main/AndroidManifest.xml:244:11-62
279            android:syncable="false" />
279-->src/main/AndroidManifest.xml:245:11-35
280
281        <receiver
281-->src/main/AndroidManifest.xml:247:7-256:20
282            android:name="fr.free.nrw.commons.widget.PicOfDayAppWidget"
282-->src/main/AndroidManifest.xml:247:17-57
283            android:exported="true" >
283-->src/main/AndroidManifest.xml:248:17-40
284            <intent-filter>
284-->src/main/AndroidManifest.xml:249:13-251:29
285                <action android:name="android.appwidget.action.APPWIDGET_UPDATE" />
285-->src/main/AndroidManifest.xml:250:17-84
285-->src/main/AndroidManifest.xml:250:25-81
286            </intent-filter>
287
288            <meta-data
288-->src/main/AndroidManifest.xml:253:13-255:70
289                android:name="android.appwidget.provider"
289-->src/main/AndroidManifest.xml:254:17-58
290                android:resource="@xml/pic_of_day_app_widget_info" />
290-->src/main/AndroidManifest.xml:255:17-67
291        </receiver>
292
293        <uses-library
293-->src/main/AndroidManifest.xml:258:9-88
294            android:name="org.apache.http.legacy"
294-->src/main/AndroidManifest.xml:258:23-60
295            android:required="false" />
295-->src/main/AndroidManifest.xml:258:61-85
296
297        <service
297-->[ch.acra:acra-core:5.8.4] AndroidManifest.xml:26:9-30:39
298            android:name="org.acra.sender.LegacySenderService"
298-->[ch.acra:acra-core:5.8.4] AndroidManifest.xml:27:13-63
299            android:enabled="@bool/acra_enable_legacy_service"
299-->[ch.acra:acra-core:5.8.4] AndroidManifest.xml:28:13-63
300            android:exported="false"
300-->[ch.acra:acra-core:5.8.4] AndroidManifest.xml:29:13-37
301            android:process=":acra" />
301-->[ch.acra:acra-core:5.8.4] AndroidManifest.xml:30:13-36
302        <service
302-->[ch.acra:acra-core:5.8.4] AndroidManifest.xml:31:9-36:39
303            android:name="org.acra.sender.JobSenderService"
303-->[ch.acra:acra-core:5.8.4] AndroidManifest.xml:32:13-60
304            android:enabled="@bool/acra_enable_job_service"
304-->[ch.acra:acra-core:5.8.4] AndroidManifest.xml:33:13-60
305            android:exported="false"
305-->[ch.acra:acra-core:5.8.4] AndroidManifest.xml:34:13-37
306            android:permission="android.permission.BIND_JOB_SERVICE"
306-->[ch.acra:acra-core:5.8.4] AndroidManifest.xml:35:13-69
307            android:process=":acra" />
307-->[ch.acra:acra-core:5.8.4] AndroidManifest.xml:36:13-36
308
309        <provider
309-->[ch.acra:acra-core:5.8.4] AndroidManifest.xml:38:9-44:51
310            android:name="org.acra.attachment.AcraContentProvider"
310-->[ch.acra:acra-core:5.8.4] AndroidManifest.xml:39:13-67
311            android:authorities="fr.free.nrw.commons.beta.acra"
311-->[ch.acra:acra-core:5.8.4] AndroidManifest.xml:40:13-56
312            android:exported="false"
312-->[ch.acra:acra-core:5.8.4] AndroidManifest.xml:41:13-37
313            android:grantUriPermissions="true"
313-->[ch.acra:acra-core:5.8.4] AndroidManifest.xml:42:13-47
314            android:process=":acra" />
314-->[ch.acra:acra-core:5.8.4] AndroidManifest.xml:43:13-36
315        <provider
315-->[androidx.work:work-runtime:2.8.1] AndroidManifest.xml:29:9-37:20
316            android:name="androidx.startup.InitializationProvider"